node_modules/zod/v4/classic/schemas.d.cts(477,31): error TS1139: Type parameter declaration expected.
node_modules/zod/v4/classic/schemas.d.cts(477,39): error TS1005: ',' expected.
node_modules/zod/v4/classic/schemas.d.cts(477,56): error TS1005: ',' expected.
node_modules/zod/v4/classic/schemas.d.cts(477,60): error TS1005: ',' expected.
node_modules/zod/v4/classic/schemas.d.cts(477,69): error TS1005: ',' expected.
node_modules/zod/v4/classic/schemas.d.cts(477,71): error TS1005: ',' expected.
node_modules/zod/v4/classic/schemas.d.cts(477,80): error TS1005: ')' expected.
node_modules/zod/v4/classic/schemas.d.cts(477,92): error TS1109: Expression expected.
node_modules/zod/v4/classic/schemas.d.cts(477,123): error TS1005: ';' expected.
node_modules/zod/v4/classic/schemas.d.cts(477,124): error TS1128: Declaration or statement expected.
node_modules/zod/v4/classic/schemas.d.cts(486,29): error TS1139: Type parameter declaration expected.
node_modules/zod/v4/classic/schemas.d.cts(486,37): error TS1005: ',' expected.
node_modules/zod/v4/classic/schemas.d.cts(486,54): error TS1005: ',' expected.
node_modules/zod/v4/classic/schemas.d.cts(486,58): error TS1005: ',' expected.
node_modules/zod/v4/classic/schemas.d.cts(486,67): error TS1005: ',' expected.
node_modules/zod/v4/classic/schemas.d.cts(486,69): error TS1005: ',' expected.
node_modules/zod/v4/classic/schemas.d.cts(486,78): error TS1005: ')' expected.
node_modules/zod/v4/classic/schemas.d.cts(486,90): error TS1109: Expression expected.
node_modules/zod/v4/classic/schemas.d.cts(486,119): error TS1005: ';' expected.
node_modules/zod/v4/classic/schemas.d.cts(486,120): error TS1128: Declaration or statement expected.
node_modules/zod/v4/classic/schemas.d.cts(542,13): error TS1139: Type parameter declaration expected.
node_modules/zod/v4/classic/schemas.d.cts(542,21): error TS1005: ',' expected.
node_modules/zod/v4/classic/schemas.d.cts(542,38): error TS1005: ',' expected.
node_modules/zod/v4/classic/schemas.d.cts(542,45): error TS1005: ')' expected.
node_modules/zod/v4/classic/schemas.d.cts(542,46): error TS1128: Declaration or statement expected.
node_modules/zod/v4/classic/schemas.d.cts(542,57): error TS1005: ')' expected.
node_modules/zod/v4/classic/schemas.d.cts(542,69): error TS1109: Expression expected.
node_modules/zod/v4/classic/schemas.d.cts(542,99): error TS1005: ';' expected.
node_modules/zod/v4/classic/schemas.d.cts(542,100): error TS1128: Declaration or statement expected.
node_modules/zod/v4/classic/schemas.d.cts(543,13): error TS1109: Expression expected.
node_modules/zod/v4/classic/schemas.d.cts(543,21): error TS1005: ',' expected.
node_modules/zod/v4/classic/schemas.d.cts(543,38): error TS1005: ',' expected.
node_modules/zod/v4/classic/schemas.d.cts(543,45): error TS1005: ')' expected.
node_modules/zod/v4/classic/schemas.d.cts(543,46): error TS1128: Declaration or statement expected.
node_modules/zod/v4/classic/schemas.d.cts(543,57): error TS1005: ')' expected.
node_modules/zod/v4/classic/schemas.d.cts(543,69): error TS1109: Expression expected.
node_modules/zod/v4/classic/schemas.d.cts(543,99): error TS1005: ';' expected.
node_modules/zod/v4/classic/schemas.d.cts(543,100): error TS1128: Declaration or statement expected.
node_modules/zod/v4/classic/schemas.d.cts(544,1): error TS1128: Declaration or statement expected.
node_modules/zod/v4/classic/schemas.d.cts(546,24): error TS1139: Type parameter declaration expected.
node_modules/zod/v4/classic/schemas.d.cts(546,32): error TS1005: ',' expected.
node_modules/zod/v4/classic/schemas.d.cts(546,49): error TS1005: ',' expected.
node_modules/zod/v4/classic/schemas.d.cts(546,55): error TS1005: ',' expected.
node_modules/zod/v4/classic/schemas.d.cts(546,57): error TS1005: ',' expected.
node_modules/zod/v4/classic/schemas.d.cts(546,65): error TS1005: ')' expected.
node_modules/zod/v4/classic/schemas.d.cts(546,77): error TS1109: Expression expected.
node_modules/zod/v4/classic/schemas.d.cts(546,107): error TS1005: ';' expected.
node_modules/zod/v4/classic/schemas.d.cts(546,108): error TS1128: Declaration or statement expected.
node_modules/zod/v4/classic/schemas.d.cts(547,24): error TS1139: Type parameter declaration expected.
node_modules/zod/v4/classic/schemas.d.cts(547,32): error TS1005: ',' expected.
node_modules/zod/v4/classic/schemas.d.cts(547,44): error TS1005: ',' expected.
node_modules/zod/v4/classic/schemas.d.cts(547,53): error TS1005: ',' expected.
node_modules/zod/v4/classic/schemas.d.cts(547,62): error TS1005: ')' expected.
node_modules/zod/v4/classic/schemas.d.cts(547,74): error TS1109: Expression expected.
node_modules/zod/v4/classic/schemas.d.cts(547,104): error TS1005: ';' expected.
node_modules/zod/v4/classic/schemas.d.cts(547,105): error TS1128: Declaration or statement expected.
node_modules/zod/v4/classic/schemas.d.cts(564,33): error TS1139: Type parameter declaration expected.
node_modules/zod/v4/classic/schemas.d.cts(564,41): error TS1005: ',' expected.
node_modules/zod/v4/classic/schemas.d.cts(564,62): error TS1005: ',' expected.
node_modules/zod/v4/classic/schemas.d.cts(564,76): error TS1109: Expression expected.
node_modules/zod/v4/classic/schemas.d.cts(564,83): error TS1005: ')' expected.
node_modules/zod/v4/classic/schemas.d.cts(564,95): error TS1109: Expression expected.
node_modules/zod/v4/classic/schemas.d.cts(564,128): error TS1005: ';' expected.
node_modules/zod/v4/classic/schemas.d.cts(564,129): error TS1128: Declaration or statement expected.
node_modules/zod/v4/classic/schemas.d.cts(565,33): error TS1139: Type parameter declaration expected.
node_modules/zod/v4/classic/schemas.d.cts(565,41): error TS1005: ',' expected.
node_modules/zod/v4/classic/schemas.d.cts(565,53): error TS1005: ',' expected.
node_modules/zod/v4/classic/schemas.d.cts(565,61): error TS1005: ',' expected.
node_modules/zod/v4/classic/schemas.d.cts(565,68): error TS1005: ')' expected.
node_modules/zod/v4/classic/schemas.d.cts(565,80): error TS1109: Expression expected.
node_modules/zod/v4/classic/schemas.d.cts(565,113): error TS1005: ';' expected.
node_modules/zod/v4/classic/schemas.d.cts(565,114): error TS1128: Declaration or statement expected.
node_modules/zod/v4/classic/schemas.d.cts(644,30): error TS1139: Type parameter declaration expected.
node_modules/zod/v4/classic/schemas.d.cts(644,38): error TS1005: ',' expected.
node_modules/zod/v4/classic/schemas.d.cts(644,50): error TS1005: ',' expected.
node_modules/zod/v4/classic/schemas.d.cts(644,63): error TS1005: ',' expected.
node_modules/zod/v4/classic/schemas.d.cts(644,75): error TS1005: ',' expected.
node_modules/zod/v4/classic/schemas.d.cts(644,84): error TS1005: ',' expected.
node_modules/zod/v4/classic/schemas.d.cts(644,92): error TS1005: '>' expected.
node_modules/zod/v4/classic/schemas.d.cts(644,110): error TS1109: Expression expected.
node_modules/zod/v4/classic/schemas.d.cts(644,155): error TS1005: ')' expected.
node_modules/zod/v4/classic/schemas.d.cts(644,163): error TS1005: ';' expected.
node_modules/zod/v4/classic/schemas.d.cts(644,207): error TS1005: ';' expected.
node_modules/zod/v4/classic/schemas.d.cts(644,208): error TS1128: Declaration or statement expected.
node_modules/zod/v4/classic/schemas.d.cts(651,31): error TS1139: Type parameter declaration expected.
node_modules/zod/v4/classic/schemas.d.cts(651,39): error TS1005: ',' expected.
node_modules/zod/v4/classic/schemas.d.cts(651,51): error TS1005: ',' expected.
node_modules/zod/v4/classic/schemas.d.cts(651,64): error TS1005: ',' expected.
node_modules/zod/v4/classic/schemas.d.cts(651,76): error TS1005: ',' expected.
node_modules/zod/v4/classic/schemas.d.cts(651,106): error TS1005: ')' expected.
node_modules/zod/v4/classic/schemas.d.cts(654,2): error TS1005: ',' expected.
node_modules/zod/v4/classic/schemas.d.cts(654,3): error TS1134: Variable declaration expected.
node_modules/zod/v4/classic/schemas.d.cts(654,13): error TS1005: ',' expected.
node_modules/zod/v4/classic/schemas.d.cts(654,15): error TS1005: '>' expected.
node_modules/zod/v4/classic/schemas.d.cts(654,19): error TS1109: Expression expected.
node_modules/zod/v4/classic/schemas.d.cts(665,41): error TS1139: Type parameter declaration expected.
node_modules/zod/v4/classic/schemas.d.cts(665,53): error TS1005: ',' expected.
node_modules/zod/v4/classic/schemas.d.cts(665,65): error TS1005: ',' expected.
node_modules/zod/v4/classic/schemas.d.cts(665,89): error TS1005: ',' expected.
node_modules/zod/v4/classic/schemas.d.cts(665,91): error TS1005: ',' expected.
node_modules/zod/v4/classic/schemas.d.cts(665,98): error TS1005: ')' expected.
node_modules/zod/v4/classic/schemas.d.cts(665,114): error TS1109: Expression expected.
node_modules/zod/v4/classic/schemas.d.cts(665,155): error TS1005: ';' expected.
node_modules/zod/v4/classic/schemas.d.cts(665,156): error TS1128: Declaration or statement expected.
node_modules/zod/v4/classic/schemas.d.cts(683,11): error TS1139: Type parameter declaration expected.
node_modules/zod/v4/classic/schemas.d.cts(683,23): error TS1005: ',' expected.
node_modules/zod/v4/classic/schemas.d.cts(683,35): error TS1005: ',' expected.
node_modules/zod/v4/classic/schemas.d.cts(683,48): error TS1389: 'const' is not allowed as a variable declaration name.
node_modules/zod/v4/classic/schemas.d.cts(683,59): error TS1005: ',' expected.
node_modules/zod/v4/classic/schemas.d.cts(683,71): error TS1005: ',' expected.
node_modules/zod/v4/classic/schemas.d.cts(683,116): error TS1005: ')' expected.
node_modules/zod/v4/classic/schemas.d.cts(683,129): error TS1005: ',' expected.
node_modules/zod/v4/classic/schemas.d.cts(683,130): error TS1134: Variable declaration expected.
node_modules/zod/v4/classic/schemas.d.cts(683,136): error TS1005: ',' expected.
node_modules/zod/v4/classic/schemas.d.cts(683,137): error TS1134: Variable declaration expected.
node_modules/zod/v4/classic/schemas.d.cts(683,150): error TS1005: ',' expected.
node_modules/zod/v4/classic/schemas.d.cts(683,178): error TS1005: '>' expected.
node_modules/zod/v4/classic/schemas.d.cts(683,188): error TS1109: Expression expected.
node_modules/zod/v4/classic/schemas.d.cts(684,46): error TS1005: '?' expected.
node_modules/zod/v4/classic/schemas.d.cts(684,52): error TS1005: ',' expected.
node_modules/zod/v4/classic/schemas.d.cts(684,62): error TS1005: ';' expected.
node_modules/zod/v4/classic/schemas.d.cts(685,18): error TS1005: ',' expected.
node_modules/zod/v4/classic/schemas.d.cts(685,24): error TS1011: An element access expression should take an argument.
node_modules/zod/v4/classic/schemas.d.cts(685,26): error TS1005: ';' expected.
node_modules/zod/v4/classic/schemas.d.cts(686,44): error TS1005: '?' expected.
node_modules/zod/v4/classic/schemas.d.cts(686,52): error TS1005: ',' expected.
node_modules/zod/v4/classic/schemas.d.cts(686,65): error TS1005: ';' expected.
node_modules/zod/v4/classic/schemas.d.cts(687,1): error TS1128: Declaration or statement expected.
node_modules/zod/v4/classic/schemas.d.cts(690,35): error TS1139: Type parameter declaration expected.
node_modules/zod/v4/classic/schemas.d.cts(690,44): error TS1005: ',' expected.
node_modules/zod/v4/classic/schemas.d.cts(690,65): error TS1005: ',' expected.
node_modules/zod/v4/classic/schemas.d.cts(690,80): error TS1109: Expression expected.
node_modules/zod/v4/classic/schemas.d.cts(690,88): error TS1005: ')' expected.
node_modules/zod/v4/classic/schemas.d.cts(692,2): error TS1128: Declaration or statement expected.
node_modules/zod/v4/classic/schemas.d.cts(692,3): error TS1128: Declaration or statement expected.
node_modules/zod/v4/classic/schemas.d.cts(693,35): error TS1139: Type parameter declaration expected.
node_modules/zod/v4/classic/schemas.d.cts(693,44): error TS1005: ',' expected.
node_modules/zod/v4/classic/schemas.d.cts(693,65): error TS1005: ',' expected.
node_modules/zod/v4/classic/schemas.d.cts(693,80): error TS1109: Expression expected.
node_modules/zod/v4/classic/schemas.d.cts(693,82): error TS1109: Expression expected.
node_modules/zod/v4/classic/schemas.d.cts(693,92): error TS1005: ',' expected.
node_modules/zod/v4/classic/schemas.d.cts(693,104): error TS1005: ',' expected.
node_modules/zod/v4/classic/schemas.d.cts(693,151): error TS1005: ')' expected.
node_modules/zod/v4/classic/schemas.d.cts(694,14): error TS1005: ',' expected.
node_modules/zod/v4/classic/schemas.d.cts(696,1): error TS1128: Declaration or statement expected.
node_modules/zod/v4/classic/schemas.d.cts(696,2): error TS1128: Declaration or statement expected.
node_modules/zod/v4/classic/schemas.d.cts(696,3): error TS1128: Declaration or statement expected.
node_modules/zod/v4/classic/schemas.d.cts(697,35): error TS1139: Type parameter declaration expected.
node_modules/zod/v4/classic/schemas.d.cts(697,44): error TS1005: ',' expected.
node_modules/zod/v4/classic/schemas.d.cts(697,56): error TS1005: ',' expected.
node_modules/zod/v4/classic/schemas.d.cts(697,101): error TS1005: ')' expected.
node_modules/zod/v4/classic/schemas.d.cts(698,14): error TS1005: ',' expected.
node_modules/zod/v4/classic/schemas.d.cts(699,1): error TS1128: Declaration or statement expected.
node_modules/zod/v4/classic/schemas.d.cts(699,2): error TS1128: Declaration or statement expected.
node_modules/zod/v4/classic/schemas.d.cts(699,3): error TS1128: Declaration or statement expected.
node_modules/zod/v4/classic/schemas.d.cts(700,35): error TS1139: Type parameter declaration expected.
node_modules/zod/v4/classic/schemas.d.cts(700,45): error TS1005: ',' expected.
node_modules/zod/v4/classic/schemas.d.cts(700,57): error TS1005: ',' expected.
node_modules/zod/v4/classic/schemas.d.cts(700,104): error TS1005: ')' expected.
node_modules/zod/v4/classic/schemas.d.cts(701,16): error TS1005: ',' expected.
node_modules/zod/v4/classic/schemas.d.cts(702,1): error TS1128: Declaration or statement expected.
node_modules/zod/v4/classic/schemas.d.cts(702,2): error TS1128: Declaration or statement expected.
node_modules/zod/v4/classic/schemas.d.cts(702,3): error TS1128: Declaration or statement expected.
node_modules/zod/v4/core/api.d.cts(210,32): error TS1139: Type parameter declaration expected.
node_modules/zod/v4/core/api.d.cts(210,40): error TS1005: ',' expected.
node_modules/zod/v4/core/api.d.cts(210,57): error TS1005: ',' expected.
node_modules/zod/v4/core/api.d.cts(210,64): error TS1005: ',' expected.
node_modules/zod/v4/core/api.d.cts(210,75): error TS1005: ',' expected.
node_modules/zod/v4/core/api.d.cts(210,77): error TS1005: ',' expected.
node_modules/zod/v4/core/api.d.cts(210,84): error TS1005: ')' expected.
node_modules/zod/v4/core/api.d.cts(210,130): error TS1005: ';' expected.
node_modules/zod/v4/core/api.d.cts(210,142): error TS1109: Expression expected.
node_modules/zod/v4/core/api.d.cts(210,168): error TS1005: ';' expected.
node_modules/zod/v4/core/api.d.cts(210,169): error TS1128: Declaration or statement expected.
node_modules/zod/v4/core/api.d.cts(212,30): error TS1139: Type parameter declaration expected.
node_modules/zod/v4/core/api.d.cts(212,38): error TS1005: ',' expected.
node_modules/zod/v4/core/api.d.cts(212,55): error TS1005: ',' expected.
node_modules/zod/v4/core/api.d.cts(212,62): error TS1005: ',' expected.
node_modules/zod/v4/core/api.d.cts(212,73): error TS1005: ',' expected.
node_modules/zod/v4/core/api.d.cts(212,75): error TS1005: ',' expected.
node_modules/zod/v4/core/api.d.cts(212,82): error TS1005: ')' expected.
node_modules/zod/v4/core/api.d.cts(212,126): error TS1005: ';' expected.
node_modules/zod/v4/core/api.d.cts(212,138): error TS1109: Expression expected.
node_modules/zod/v4/core/api.d.cts(212,162): error TS1005: ';' expected.
node_modules/zod/v4/core/api.d.cts(212,163): error TS1128: Declaration or statement expected.
node_modules/zod/v4/core/api.d.cts(233,31): error TS1139: Type parameter declaration expected.
node_modules/zod/v4/core/api.d.cts(233,39): error TS1005: ',' expected.
node_modules/zod/v4/core/api.d.cts(233,53): error TS1005: ',' expected.
node_modules/zod/v4/core/api.d.cts(233,55): error TS1005: ',' expected.
node_modules/zod/v4/core/api.d.cts(233,62): error TS1005: ')' expected.
node_modules/zod/v4/core/api.d.cts(233,106): error TS1005: ';' expected.
node_modules/zod/v4/core/api.d.cts(233,118): error TS1109: Expression expected.
node_modules/zod/v4/core/api.d.cts(233,143): error TS1005: ';' expected.
node_modules/zod/v4/core/api.d.cts(233,144): error TS1128: Declaration or statement expected.
node_modules/zod/v4/core/api.d.cts(244,34): error TS1139: Type parameter declaration expected.
node_modules/zod/v4/core/api.d.cts(244,42): error TS1005: ',' expected.
node_modules/zod/v4/core/api.d.cts(244,55): error TS1005: ',' expected.
node_modules/zod/v4/core/api.d.cts(244,69): error TS1109: Expression expected.
node_modules/zod/v4/core/api.d.cts(244,76): error TS1005: ')' expected.
node_modules/zod/v4/core/api.d.cts(244,122): error TS1005: ';' expected.
node_modules/zod/v4/core/api.d.cts(244,134): error TS1109: Expression expected.
node_modules/zod/v4/core/api.d.cts(244,162): error TS1005: ';' expected.
node_modules/zod/v4/core/api.d.cts(244,163): error TS1128: Declaration or statement expected.
node_modules/zod/v4/core/api.d.cts(245,34): error TS1139: Type parameter declaration expected.
node_modules/zod/v4/core/api.d.cts(245,42): error TS1005: ',' expected.
node_modules/zod/v4/core/api.d.cts(245,54): error TS1005: ',' expected.
node_modules/zod/v4/core/api.d.cts(245,62): error TS1005: ',' expected.
node_modules/zod/v4/core/api.d.cts(245,69): error TS1005: ')' expected.
node_modules/zod/v4/core/api.d.cts(245,115): error TS1005: ';' expected.
node_modules/zod/v4/core/api.d.cts(245,127): error TS1109: Expression expected.
node_modules/zod/v4/core/api.d.cts(245,155): error TS1005: ';' expected.
node_modules/zod/v4/core/api.d.cts(245,156): error TS1128: Declaration or statement expected.
node_modules/zod/v4/core/api.d.cts(263,31): error TS1139: Type parameter declaration expected.
node_modules/zod/v4/core/api.d.cts(263,39): error TS1005: ',' expected.
node_modules/zod/v4/core/api.d.cts(263,54): error TS1005: ',' expected.
node_modules/zod/v4/core/api.d.cts(263,67): error TS1005: ',' expected.
node_modules/zod/v4/core/api.d.cts(263,82): error TS1005: ',' expected.
node_modules/zod/v4/core/api.d.cts(263,91): error TS1005: ',' expected.
node_modules/zod/v4/core/api.d.cts(263,99): error TS1005: '>' expected.
node_modules/zod/v4/core/api.d.cts(263,117): error TS1109: Expression expected.
node_modules/zod/v4/core/api.d.cts(263,167): error TS1005: ')' expected.
node_modules/zod/v4/core/api.d.cts(263,208): error TS1005: ';' expected.
node_modules/zod/v4/core/api.d.cts(263,216): error TS1005: ';' expected.
node_modules/zod/v4/core/api.d.cts(263,263): error TS1005: ';' expected.
node_modules/zod/v4/core/api.d.cts(263,264): error TS1128: Declaration or statement expected.
node_modules/zod/v4/core/api.d.cts(267,42): error TS1139: Type parameter declaration expected.
node_modules/zod/v4/core/api.d.cts(267,54): error TS1005: ',' expected.
node_modules/zod/v4/core/api.d.cts(267,69): error TS1005: ',' expected.
node_modules/zod/v4/core/api.d.cts(267,93): error TS1005: ',' expected.
node_modules/zod/v4/core/api.d.cts(267,95): error TS1005: ',' expected.
node_modules/zod/v4/core/api.d.cts(267,102): error TS1005: ')' expected.
node_modules/zod/v4/core/api.d.cts(267,156): error TS1005: ';' expected.
node_modules/zod/v4/core/api.d.cts(267,172): error TS1109: Expression expected.
node_modules/zod/v4/core/api.d.cts(267,208): error TS1005: ';' expected.
node_modules/zod/v4/core/api.d.cts(267,209): error TS1128: Declaration or statement expected.
node_modules/zod/v4/core/schemas.d.cts(1085,11): error TS1139: Type parameter declaration expected.
node_modules/zod/v4/core/schemas.d.cts(1085,23): error TS1005: ',' expected.
node_modules/zod/v4/core/schemas.d.cts(1085,35): error TS1005: ',' expected.
node_modules/zod/v4/core/schemas.d.cts(1085,48): error TS1389: 'const' is not allowed as a variable declaration name.
node_modules/zod/v4/core/schemas.d.cts(1085,59): error TS1005: ',' expected.
node_modules/zod/v4/core/schemas.d.cts(1085,106): error TS1005: ')' expected.
node_modules/zod/v4/core/schemas.d.cts(1085,119): error TS1005: ',' expected.
node_modules/zod/v4/core/schemas.d.cts(1085,120): error TS1134: Variable declaration expected.
node_modules/zod/v4/core/schemas.d.cts(1085,126): error TS1005: ',' expected.
node_modules/zod/v4/core/schemas.d.cts(1085,127): error TS1134: Variable declaration expected.
node_modules/zod/v4/core/schemas.d.cts(1085,141): error TS1005: ',' expected.
node_modules/zod/v4/core/schemas.d.cts(1085,164): error TS1005: '>' expected.
node_modules/zod/v4/core/schemas.d.cts(1085,174): error TS1109: Expression expected.
node_modules/zod/v4/core/schemas.d.cts(1086,41): error TS1005: '?' expected.
node_modules/zod/v4/core/schemas.d.cts(1086,47): error TS1005: ',' expected.
node_modules/zod/v4/core/schemas.d.cts(1086,57): error TS1005: ';' expected.
node_modules/zod/v4/core/schemas.d.cts(1087,18): error TS1005: ',' expected.
node_modules/zod/v4/core/schemas.d.cts(1087,24): error TS1011: An element access expression should take an argument.
node_modules/zod/v4/core/schemas.d.cts(1087,26): error TS1005: ';' expected.
node_modules/zod/v4/core/schemas.d.cts(1088,39): error TS1005: '?' expected.
node_modules/zod/v4/core/schemas.d.cts(1088,47): error TS1005: ',' expected.
node_modules/zod/v4/core/schemas.d.cts(1088,60): error TS1005: ';' expected.
node_modules/zod/v4/core/schemas.d.cts(1089,1): error TS1128: Declaration or statement expected.
src/App.tsx(477,10): error TS17008: JSX element 'main' has no corresponding closing tag.
src/App.tsx(648,7): error TS17002: Expected corresponding JSX closing tag for 'div'.
src/App.tsx(649,5): error TS1005: ')' expected.
src/App.tsx(652,11): error TS1005: ';' expected.
src/App.tsx(653,7): error TS2657: JSX expressions must have one parent element.
src/App.tsx(658,5): error TS1128: Declaration or statement expected.
src/App.tsx(661,13): error TS1005: ';' expected.
src/App.tsx(661,44): error TS1005: ';' expected.
src/App.tsx(661,55): error TS1136: Property assignment expected.
src/App.tsx(661,58): error TS1005: ';' expected.
src/App.tsx(662,12): error TS1136: Property assignment expected.
src/App.tsx(662,72): error TS1128: Declaration or statement expected.
src/App.tsx(663,29): error TS1005: ',' expected.
src/App.tsx(777,7): error TS1128: Declaration or statement expected.
src/App.tsx(778,3): error TS1128: Declaration or statement expected.
src/App.tsx(781,11): error TS1005: ';' expected.
src/App.tsx(781,44): error TS1005: ';' expected.
src/App.tsx(781,55): error TS1136: Property assignment expected.
src/App.tsx(781,58): error TS1005: ';' expected.
src/App.tsx(781,236): error TS1128: Declaration or statement expected.
src/App.tsx(781,260): error TS1005: ',' expected.
src/App.tsx(836,3): error TS1128: Declaration or statement expected.
src/App.tsx(838,5): error TS1109: Expression expected.
src/App.tsx(838,7): error TS1109: Expression expected.
src/App.tsx(839,3): error TS1109: Expression expected.
src/App.tsx(840,1): error TS1128: Declaration or statement expected.
src/App.tsx(843,1): error TS1128: Declaration or statement expected.
